<?xml version="1.0" encoding="UTF-8"?>
<testExecutions version="1">
    <file path="/Users/jorgemac/Documents/projects/bAvenir/auroral/auroral_node_agent/__tests__/core/discovery.ts">
    </file>
    <file path="/Users/jorgemac/Documents/projects/bAvenir/auroral/auroral_node_agent/__tests__/core/main.ts.ts">
    </file>
    <file path="/Users/jorgemac/Documents/projects/bAvenir/auroral/auroral_node_agent/__tests__/core/data.ts">
    </file>
    <file path="/Users/jorgemac/Documents/projects/bAvenir/auroral/auroral_node_agent/__tests__/core/gateway.ts">
        <testCase name="GtwServices core Do doLogins" duration="4"/>
        <testCase name="GtwServices core Do doLogouts" duration="1"/>
        <testCase name="GtwServices core Do registerObject" duration="2"/>
        <testCase name="GtwServices core Do updateObject" duration="1"/>
        <testCase name="GtwServices core Do compareLocalAndRemote" duration="0"/>
    </file>
    <file path="/Users/jorgemac/Documents/projects/bAvenir/auroral/auroral_node_agent/__tests__/core/security.ts">
        <testCase name="Secirity core Do getItemsPrivacy" duration="2"/>
        <testCase name="Secirity core Do cacheItemsPrivacy" duration="1"/>
        <testCase name="Secirity core Do contractExists" duration="6"/>
        <testCase name="Secirity core Do canWriteItem" duration="1"/>
        <testCase name="Secirity core Do delContract" duration="0"/>
        <testCase name="Secirity core Do getContract" duration="1"/>
        <testCase name="Secirity core Do updItemInContract" duration="1"/>
        <testCase name="Secirity core Do delItemInContract" duration="0"/>
    </file>
    <file path="/Users/jorgemac/Documents/projects/bAvenir/auroral/auroral_node_agent/__tests__/persistance/persistance.ts">
        <testCase name="Persistance Methods Get all items registered" duration="3"/>
        <testCase name="Persistance Methods addItem" duration="1"/>
        <testCase name="Persistance Methods updateItem" duration="2"/>
        <testCase name="Persistance Methods removeItem" duration="1"/>
        <testCase name="Persistance Methods getItem" duration="2">
            <failure message="Error: expect(received).toEqual(expected) // deep equality"><![CDATA[Error: expect(received).toEqual(expected) // deep equality

- Expected  - 0
+ Received  + 1

@@ -4,8 +4,9 @@
    "description": undefined,
    "events": undefined,
    "name": undefined,
    "privacy": undefined,
    "properties": undefined,
+   "status": "Disabled",
    "type": undefined,
    "version": undefined,
  }
    at /Users/jorgemac/Documents/projects/bAvenir/auroral/auroral_node_agent/__tests__/persistance/persistance.ts:87:26
    at step (/Users/jorgemac/Documents/projects/bAvenir/auroral/auroral_node_agent/__tests__/persistance/persistance.ts:52:23)
    at Object.next (/Users/jorgemac/Documents/projects/bAvenir/auroral/auroral_node_agent/__tests__/persistance/persistance.ts:33:53)
    at fulfilled (/Users/jorgemac/Documents/projects/bAvenir/auroral/auroral_node_agent/__tests__/persistance/persistance.ts:24:58)
    at processTicksAndRejections (node:internal/process/task_queues:96:5)]]></failure>
        </testCase>
        <testCase name="Persistance Methods getCountOfItems" duration="1"/>
        <testCase name="Persistance Methods existsAdapterId" duration="0"/>
        <testCase name="Persistance Methods sameAdapterId" duration="1"/>
        <testCase name="Persistance Methods getOidByAdapterId" duration="8"/>
        <testCase name="Persistance Methods getCredentials" duration="1"/>
        <testCase name="Persistance Methods combinationExists" duration="1"/>
        <testCase name="Persistance Methods isRegistered" duration="0"/>
        <testCase name="Persistance Methods reloadConfigInfo" duration="1"/>
        <testCase name="Persistance Methods getConfigInfo" duration="1"/>
        <testCase name="Persistance Methods addToCache" duration="0"/>
        <testCase name="Persistance Methods redisHealth" duration="0"/>
    </file>
    <file path="/Users/jorgemac/Documents/projects/bAvenir/auroral/auroral_node_agent/__tests__/core/td-parser.ts">
        <testCase name="td-parser core Do tdParser" duration="31"/>
        <testCase name="td-parser core Do tdParserWoT" duration="2"/>
        <testCase name="td-parser core Do tdParserUpdate" duration="2"/>
        <testCase name="td-parser core Do tdParserUpdateWot" duration="1">
            <failure message="Error: expect(received).toMatch(expected)"><![CDATA[Error: expect(received).toMatch(expected)

Expected substring: "DASHBOARD"
Received string:    "[]"
    at /Users/jorgemac/Documents/projects/bAvenir/auroral/auroral_node_agent/__tests__/core/td-parser.ts:190:49
    at step (/Users/jorgemac/Documents/projects/bAvenir/auroral/auroral_node_agent/__tests__/core/td-parser.ts:63:23)
    at Object.next (/Users/jorgemac/Documents/projects/bAvenir/auroral/auroral_node_agent/__tests__/core/td-parser.ts:44:53)
    at fulfilled (/Users/jorgemac/Documents/projects/bAvenir/auroral/auroral_node_agent/__tests__/core/td-parser.ts:35:58)
    at processTicksAndRejections (node:internal/process/task_queues:96:5)]]></failure>
        </testCase>
    </file>
    <file path="/Users/jorgemac/Documents/projects/bAvenir/auroral/auroral_node_agent/__tests__/microservices/gateway.ts">
    </file>
</testExecutions>